<?xml version="1.0" encoding="UTF-8"?>
<!-- Generated by org.testng.reporters.JUnitReportReporter -->
<testsuite hostname="LENOVO" failures="0" tests="2" name="com.grubbrr.webautomation.test.OrdersFlowParallelTest" time="147.984" errors="0" timestamp="2022-09-06T21:43:04 IST" skipped="0">
  <testcase classname="com.grubbrr.webautomation.test.OrdersFlowParallelTest" name="Make_Order" time="73.050"/>
  <system-out/>
  <testcase classname="com.grubbrr.webautomation.test.OrdersFlowParallelTest" name="Make_Order" time="74.934"/>
  <system-out/>
</testsuite> <!-- com.grubbrr.webautomation.test.OrdersFlowParallelTest -->
